7/27/2024, 12:23:14 AM : InvariantError: Gagal menambahkan user. Username sudah digunakan.
    at UsersService.verifyNewUsername (/home/yogaap/code/js-project/notes-app/src/services/postgres/UsersService.js:57:13)
    at process.processTicksAndRejections (node:internal/process/task_queues:95:5)
    at async UsersService.addUser (/home/yogaap/code/js-project/notes-app/src/services/postgres/UsersService.js:14:5)
    at async UsersHandler.postUserHandler (/home/yogaap/code/js-project/notes-app/src/api/users/handler.js:15:20)
    at async exports.Manager.execute (/home/yogaap/code/js-project/notes-app/node_modules/@hapi/hapi/lib/toolkit.js:60:28)
    at async internals.handler (/home/yogaap/code/js-project/notes-app/node_modules/@hapi/hapi/lib/handler.js:46:20)
    at async exports.execute (/home/yogaap/code/js-project/notes-app/node_modules/@hapi/hapi/lib/handler.js:31:20)
    at async Request._lifecycle (/home/yogaap/code/js-project/notes-app/node_modules/@hapi/hapi/lib/request.js:370:32)
    at async Request._execute (/home/yogaap/code/js-project/notes-app/node_modules/@hapi/hapi/lib/request.js:280:9)
7/27/2024, 12:23:14 AM : InvariantError: "targetEmail" is required
    at Object.validateExportNotesPayload (/home/yogaap/code/js-project/notes-app/src/validation/exports/index.js:9:13)
    at ExportsHandler.postExportNotesHandler (/home/yogaap/code/js-project/notes-app/src/api/exports/handler.js:12:22)
    at exports.Manager.execute (/home/yogaap/code/js-project/notes-app/node_modules/@hapi/hapi/lib/toolkit.js:57:29)
    at internals.handler (/home/yogaap/code/js-project/notes-app/node_modules/@hapi/hapi/lib/handler.js:46:48)
    at exports.execute (/home/yogaap/code/js-project/notes-app/node_modules/@hapi/hapi/lib/handler.js:31:36)
    at Request._lifecycle (/home/yogaap/code/js-project/notes-app/node_modules/@hapi/hapi/lib/request.js:370:68)
    at process.processTicksAndRejections (node:internal/process/task_queues:95:5)
    at async Request._execute (/home/yogaap/code/js-project/notes-app/node_modules/@hapi/hapi/lib/request.js:280:9)
7/27/2024, 12:23:14 AM : InvariantError: Gagal menambahkan user. Username sudah digunakan.
    at UsersService.verifyNewUsername (/home/yogaap/code/js-project/notes-app/src/services/postgres/UsersService.js:57:13)
    at process.processTicksAndRejections (node:internal/process/task_queues:95:5)
    at async UsersService.addUser (/home/yogaap/code/js-project/notes-app/src/services/postgres/UsersService.js:14:5)
    at async UsersHandler.postUserHandler (/home/yogaap/code/js-project/notes-app/src/api/users/handler.js:15:20)
    at async exports.Manager.execute (/home/yogaap/code/js-project/notes-app/node_modules/@hapi/hapi/lib/toolkit.js:60:28)
    at async internals.handler (/home/yogaap/code/js-project/notes-app/node_modules/@hapi/hapi/lib/handler.js:46:20)
    at async exports.execute (/home/yogaap/code/js-project/notes-app/node_modules/@hapi/hapi/lib/handler.js:31:20)
    at async Request._lifecycle (/home/yogaap/code/js-project/notes-app/node_modules/@hapi/hapi/lib/request.js:370:32)
    at async Request._execute (/home/yogaap/code/js-project/notes-app/node_modules/@hapi/hapi/lib/request.js:280:9)
7/27/2024, 12:23:15 AM : InvariantError: "targetEmail" must be a string
    at Object.validateExportNotesPayload (/home/yogaap/code/js-project/notes-app/src/validation/exports/index.js:9:13)
    at ExportsHandler.postExportNotesHandler (/home/yogaap/code/js-project/notes-app/src/api/exports/handler.js:12:22)
    at exports.Manager.execute (/home/yogaap/code/js-project/notes-app/node_modules/@hapi/hapi/lib/toolkit.js:57:29)
    at internals.handler (/home/yogaap/code/js-project/notes-app/node_modules/@hapi/hapi/lib/handler.js:46:48)
    at exports.execute (/home/yogaap/code/js-project/notes-app/node_modules/@hapi/hapi/lib/handler.js:31:36)
    at Request._lifecycle (/home/yogaap/code/js-project/notes-app/node_modules/@hapi/hapi/lib/request.js:370:68)
    at process.processTicksAndRejections (node:internal/process/task_queues:95:5)
    at async Request._execute (/home/yogaap/code/js-project/notes-app/node_modules/@hapi/hapi/lib/request.js:280:9)
7/27/2024, 12:23:15 AM : InvariantError: Gagal menambahkan user. Username sudah digunakan.
    at UsersService.verifyNewUsername (/home/yogaap/code/js-project/notes-app/src/services/postgres/UsersService.js:57:13)
    at process.processTicksAndRejections (node:internal/process/task_queues:95:5)
    at async UsersService.addUser (/home/yogaap/code/js-project/notes-app/src/services/postgres/UsersService.js:14:5)
    at async UsersHandler.postUserHandler (/home/yogaap/code/js-project/notes-app/src/api/users/handler.js:15:20)
    at async exports.Manager.execute (/home/yogaap/code/js-project/notes-app/node_modules/@hapi/hapi/lib/toolkit.js:60:28)
    at async internals.handler (/home/yogaap/code/js-project/notes-app/node_modules/@hapi/hapi/lib/handler.js:46:20)
    at async exports.execute (/home/yogaap/code/js-project/notes-app/node_modules/@hapi/hapi/lib/handler.js:31:20)
    at async Request._lifecycle (/home/yogaap/code/js-project/notes-app/node_modules/@hapi/hapi/lib/request.js:370:32)
    at async Request._execute (/home/yogaap/code/js-project/notes-app/node_modules/@hapi/hapi/lib/request.js:280:9)
7/27/2024, 12:23:15 AM : InvariantError: "targetEmail" must be a string
    at Object.validateExportNotesPayload (/home/yogaap/code/js-project/notes-app/src/validation/exports/index.js:9:13)
    at ExportsHandler.postExportNotesHandler (/home/yogaap/code/js-project/notes-app/src/api/exports/handler.js:12:22)
    at exports.Manager.execute (/home/yogaap/code/js-project/notes-app/node_modules/@hapi/hapi/lib/toolkit.js:57:29)
    at internals.handler (/home/yogaap/code/js-project/notes-app/node_modules/@hapi/hapi/lib/handler.js:46:48)
    at exports.execute (/home/yogaap/code/js-project/notes-app/node_modules/@hapi/hapi/lib/handler.js:31:36)
    at Request._lifecycle (/home/yogaap/code/js-project/notes-app/node_modules/@hapi/hapi/lib/request.js:370:68)
    at process.processTicksAndRejections (node:internal/process/task_queues:95:5)
    at async Request._execute (/home/yogaap/code/js-project/notes-app/node_modules/@hapi/hapi/lib/request.js:280:9)
7/27/2024, 12:23:15 AM : InvariantError: Gagal menambahkan user. Username sudah digunakan.
    at UsersService.verifyNewUsername (/home/yogaap/code/js-project/notes-app/src/services/postgres/UsersService.js:57:13)
    at process.processTicksAndRejections (node:internal/process/task_queues:95:5)
    at async UsersService.addUser (/home/yogaap/code/js-project/notes-app/src/services/postgres/UsersService.js:14:5)
    at async UsersHandler.postUserHandler (/home/yogaap/code/js-project/notes-app/src/api/users/handler.js:15:20)
    at async exports.Manager.execute (/home/yogaap/code/js-project/notes-app/node_modules/@hapi/hapi/lib/toolkit.js:60:28)
    at async internals.handler (/home/yogaap/code/js-project/notes-app/node_modules/@hapi/hapi/lib/handler.js:46:20)
    at async exports.execute (/home/yogaap/code/js-project/notes-app/node_modules/@hapi/hapi/lib/handler.js:31:20)
    at async Request._lifecycle (/home/yogaap/code/js-project/notes-app/node_modules/@hapi/hapi/lib/request.js:370:32)
    at async Request._execute (/home/yogaap/code/js-project/notes-app/node_modules/@hapi/hapi/lib/request.js:280:9)
7/27/2024, 12:23:15 AM : InvariantError: "targetEmail" is not allowed to be empty
    at Object.validateExportNotesPayload (/home/yogaap/code/js-project/notes-app/src/validation/exports/index.js:9:13)
    at ExportsHandler.postExportNotesHandler (/home/yogaap/code/js-project/notes-app/src/api/exports/handler.js:12:22)
    at exports.Manager.execute (/home/yogaap/code/js-project/notes-app/node_modules/@hapi/hapi/lib/toolkit.js:57:29)
    at internals.handler (/home/yogaap/code/js-project/notes-app/node_modules/@hapi/hapi/lib/handler.js:46:48)
    at exports.execute (/home/yogaap/code/js-project/notes-app/node_modules/@hapi/hapi/lib/handler.js:31:36)
    at Request._lifecycle (/home/yogaap/code/js-project/notes-app/node_modules/@hapi/hapi/lib/request.js:370:68)
    at process.processTicksAndRejections (node:internal/process/task_queues:95:5)
    at async Request._execute (/home/yogaap/code/js-project/notes-app/node_modules/@hapi/hapi/lib/request.js:280:9)
7/27/2024, 12:23:15 AM : InvariantError: Gagal menambahkan user. Username sudah digunakan.
    at UsersService.verifyNewUsername (/home/yogaap/code/js-project/notes-app/src/services/postgres/UsersService.js:57:13)
    at process.processTicksAndRejections (node:internal/process/task_queues:95:5)
    at async UsersService.addUser (/home/yogaap/code/js-project/notes-app/src/services/postgres/UsersService.js:14:5)
    at async UsersHandler.postUserHandler (/home/yogaap/code/js-project/notes-app/src/api/users/handler.js:15:20)
    at async exports.Manager.execute (/home/yogaap/code/js-project/notes-app/node_modules/@hapi/hapi/lib/toolkit.js:60:28)
    at async internals.handler (/home/yogaap/code/js-project/notes-app/node_modules/@hapi/hapi/lib/handler.js:46:20)
    at async exports.execute (/home/yogaap/code/js-project/notes-app/node_modules/@hapi/hapi/lib/handler.js:31:20)
    at async Request._lifecycle (/home/yogaap/code/js-project/notes-app/node_modules/@hapi/hapi/lib/request.js:370:32)
    at async Request._execute (/home/yogaap/code/js-project/notes-app/node_modules/@hapi/hapi/lib/request.js:280:9)
7/27/2024, 12:23:15 AM : InvariantError: "targetEmail" must be a valid email
    at Object.validateExportNotesPayload (/home/yogaap/code/js-project/notes-app/src/validation/exports/index.js:9:13)
    at ExportsHandler.postExportNotesHandler (/home/yogaap/code/js-project/notes-app/src/api/exports/handler.js:12:22)
    at exports.Manager.execute (/home/yogaap/code/js-project/notes-app/node_modules/@hapi/hapi/lib/toolkit.js:57:29)
    at internals.handler (/home/yogaap/code/js-project/notes-app/node_modules/@hapi/hapi/lib/handler.js:46:48)
    at exports.execute (/home/yogaap/code/js-project/notes-app/node_modules/@hapi/hapi/lib/handler.js:31:36)
    at Request._lifecycle (/home/yogaap/code/js-project/notes-app/node_modules/@hapi/hapi/lib/request.js:370:68)
    at process.processTicksAndRejections (node:internal/process/task_queues:95:5)
    at async Request._execute (/home/yogaap/code/js-project/notes-app/node_modules/@hapi/hapi/lib/request.js:280:9)
7/27/2024, 12:23:15 AM : InvariantError: Gagal menambahkan user. Username sudah digunakan.
    at UsersService.verifyNewUsername (/home/yogaap/code/js-project/notes-app/src/services/postgres/UsersService.js:57:13)
    at process.processTicksAndRejections (node:internal/process/task_queues:95:5)
    at async UsersService.addUser (/home/yogaap/code/js-project/notes-app/src/services/postgres/UsersService.js:14:5)
    at async UsersHandler.postUserHandler (/home/yogaap/code/js-project/notes-app/src/api/users/handler.js:15:20)
    at async exports.Manager.execute (/home/yogaap/code/js-project/notes-app/node_modules/@hapi/hapi/lib/toolkit.js:60:28)
    at async internals.handler (/home/yogaap/code/js-project/notes-app/node_modules/@hapi/hapi/lib/handler.js:46:20)
    at async exports.execute (/home/yogaap/code/js-project/notes-app/node_modules/@hapi/hapi/lib/handler.js:31:20)
    at async Request._lifecycle (/home/yogaap/code/js-project/notes-app/node_modules/@hapi/hapi/lib/request.js:370:32)
    at async Request._execute (/home/yogaap/code/js-project/notes-app/node_modules/@hapi/hapi/lib/request.js:280:9)
7/27/2024, 12:23:15 AM : InvariantError: "targetEmail" must be a valid email
    at Object.validateExportNotesPayload (/home/yogaap/code/js-project/notes-app/src/validation/exports/index.js:9:13)
    at ExportsHandler.postExportNotesHandler (/home/yogaap/code/js-project/notes-app/src/api/exports/handler.js:12:22)
    at exports.Manager.execute (/home/yogaap/code/js-project/notes-app/node_modules/@hapi/hapi/lib/toolkit.js:57:29)
    at internals.handler (/home/yogaap/code/js-project/notes-app/node_modules/@hapi/hapi/lib/handler.js:46:48)
    at exports.execute (/home/yogaap/code/js-project/notes-app/node_modules/@hapi/hapi/lib/handler.js:31:36)
    at Request._lifecycle (/home/yogaap/code/js-project/notes-app/node_modules/@hapi/hapi/lib/request.js:370:68)
    at process.processTicksAndRejections (node:internal/process/task_queues:95:5)
    at async Request._execute (/home/yogaap/code/js-project/notes-app/node_modules/@hapi/hapi/lib/request.js:280:9)
7/27/2024, 12:25:29 AM : InvariantError: Gagal menambahkan user. Username sudah digunakan.
    at UsersService.verifyNewUsername (/home/yogaap/code/js-project/notes-app/src/services/postgres/UsersService.js:57:13)
    at process.processTicksAndRejections (node:internal/process/task_queues:95:5)
    at async UsersService.addUser (/home/yogaap/code/js-project/notes-app/src/services/postgres/UsersService.js:14:5)
    at async UsersHandler.postUserHandler (/home/yogaap/code/js-project/notes-app/src/api/users/handler.js:15:20)
    at async exports.Manager.execute (/home/yogaap/code/js-project/notes-app/node_modules/@hapi/hapi/lib/toolkit.js:60:28)
    at async internals.handler (/home/yogaap/code/js-project/notes-app/node_modules/@hapi/hapi/lib/handler.js:46:20)
    at async exports.execute (/home/yogaap/code/js-project/notes-app/node_modules/@hapi/hapi/lib/handler.js:31:20)
    at async Request._lifecycle (/home/yogaap/code/js-project/notes-app/node_modules/@hapi/hapi/lib/request.js:370:32)
    at async Request._execute (/home/yogaap/code/js-project/notes-app/node_modules/@hapi/hapi/lib/request.js:280:9)
7/27/2024, 12:25:30 AM : InvariantError: Gagal menambahkan user. Username sudah digunakan.
    at UsersService.verifyNewUsername (/home/yogaap/code/js-project/notes-app/src/services/postgres/UsersService.js:57:13)
    at process.processTicksAndRejections (node:internal/process/task_queues:95:5)
    at async UsersService.addUser (/home/yogaap/code/js-project/notes-app/src/services/postgres/UsersService.js:14:5)
    at async UsersHandler.postUserHandler (/home/yogaap/code/js-project/notes-app/src/api/users/handler.js:15:20)
    at async exports.Manager.execute (/home/yogaap/code/js-project/notes-app/node_modules/@hapi/hapi/lib/toolkit.js:60:28)
    at async internals.handler (/home/yogaap/code/js-project/notes-app/node_modules/@hapi/hapi/lib/handler.js:46:20)
    at async exports.execute (/home/yogaap/code/js-project/notes-app/node_modules/@hapi/hapi/lib/handler.js:31:20)
    at async Request._lifecycle (/home/yogaap/code/js-project/notes-app/node_modules/@hapi/hapi/lib/request.js:370:32)
    at async Request._execute (/home/yogaap/code/js-project/notes-app/node_modules/@hapi/hapi/lib/request.js:280:9)
7/27/2024, 12:25:30 AM : InvariantError: "targetEmail" is required
    at Object.validateExportNotesPayload (/home/yogaap/code/js-project/notes-app/src/validation/exports/index.js:9:13)
    at ExportsHandler.postExportNotesHandler (/home/yogaap/code/js-project/notes-app/src/api/exports/handler.js:12:22)
    at exports.Manager.execute (/home/yogaap/code/js-project/notes-app/node_modules/@hapi/hapi/lib/toolkit.js:57:29)
    at internals.handler (/home/yogaap/code/js-project/notes-app/node_modules/@hapi/hapi/lib/handler.js:46:48)
    at exports.execute (/home/yogaap/code/js-project/notes-app/node_modules/@hapi/hapi/lib/handler.js:31:36)
    at Request._lifecycle (/home/yogaap/code/js-project/notes-app/node_modules/@hapi/hapi/lib/request.js:370:68)
    at process.processTicksAndRejections (node:internal/process/task_queues:95:5)
    at async Request._execute (/home/yogaap/code/js-project/notes-app/node_modules/@hapi/hapi/lib/request.js:280:9)
7/27/2024, 12:25:30 AM : InvariantError: Gagal menambahkan user. Username sudah digunakan.
    at UsersService.verifyNewUsername (/home/yogaap/code/js-project/notes-app/src/services/postgres/UsersService.js:57:13)
    at process.processTicksAndRejections (node:internal/process/task_queues:95:5)
    at async UsersService.addUser (/home/yogaap/code/js-project/notes-app/src/services/postgres/UsersService.js:14:5)
    at async UsersHandler.postUserHandler (/home/yogaap/code/js-project/notes-app/src/api/users/handler.js:15:20)
    at async exports.Manager.execute (/home/yogaap/code/js-project/notes-app/node_modules/@hapi/hapi/lib/toolkit.js:60:28)
    at async internals.handler (/home/yogaap/code/js-project/notes-app/node_modules/@hapi/hapi/lib/handler.js:46:20)
    at async exports.execute (/home/yogaap/code/js-project/notes-app/node_modules/@hapi/hapi/lib/handler.js:31:20)
    at async Request._lifecycle (/home/yogaap/code/js-project/notes-app/node_modules/@hapi/hapi/lib/request.js:370:32)
    at async Request._execute (/home/yogaap/code/js-project/notes-app/node_modules/@hapi/hapi/lib/request.js:280:9)
7/27/2024, 12:25:30 AM : InvariantError: "targetEmail" must be a string
    at Object.validateExportNotesPayload (/home/yogaap/code/js-project/notes-app/src/validation/exports/index.js:9:13)
    at ExportsHandler.postExportNotesHandler (/home/yogaap/code/js-project/notes-app/src/api/exports/handler.js:12:22)
    at exports.Manager.execute (/home/yogaap/code/js-project/notes-app/node_modules/@hapi/hapi/lib/toolkit.js:57:29)
    at internals.handler (/home/yogaap/code/js-project/notes-app/node_modules/@hapi/hapi/lib/handler.js:46:48)
    at exports.execute (/home/yogaap/code/js-project/notes-app/node_modules/@hapi/hapi/lib/handler.js:31:36)
    at Request._lifecycle (/home/yogaap/code/js-project/notes-app/node_modules/@hapi/hapi/lib/request.js:370:68)
    at process.processTicksAndRejections (node:internal/process/task_queues:95:5)
    at async Request._execute (/home/yogaap/code/js-project/notes-app/node_modules/@hapi/hapi/lib/request.js:280:9)
7/27/2024, 12:25:30 AM : InvariantError: Gagal menambahkan user. Username sudah digunakan.
    at UsersService.verifyNewUsername (/home/yogaap/code/js-project/notes-app/src/services/postgres/UsersService.js:57:13)
    at process.processTicksAndRejections (node:internal/process/task_queues:95:5)
    at async UsersService.addUser (/home/yogaap/code/js-project/notes-app/src/services/postgres/UsersService.js:14:5)
    at async UsersHandler.postUserHandler (/home/yogaap/code/js-project/notes-app/src/api/users/handler.js:15:20)
    at async exports.Manager.execute (/home/yogaap/code/js-project/notes-app/node_modules/@hapi/hapi/lib/toolkit.js:60:28)
    at async internals.handler (/home/yogaap/code/js-project/notes-app/node_modules/@hapi/hapi/lib/handler.js:46:20)
    at async exports.execute (/home/yogaap/code/js-project/notes-app/node_modules/@hapi/hapi/lib/handler.js:31:20)
    at async Request._lifecycle (/home/yogaap/code/js-project/notes-app/node_modules/@hapi/hapi/lib/request.js:370:32)
    at async Request._execute (/home/yogaap/code/js-project/notes-app/node_modules/@hapi/hapi/lib/request.js:280:9)
7/27/2024, 12:25:30 AM : InvariantError: "targetEmail" must be a string
    at Object.validateExportNotesPayload (/home/yogaap/code/js-project/notes-app/src/validation/exports/index.js:9:13)
    at ExportsHandler.postExportNotesHandler (/home/yogaap/code/js-project/notes-app/src/api/exports/handler.js:12:22)
    at exports.Manager.execute (/home/yogaap/code/js-project/notes-app/node_modules/@hapi/hapi/lib/toolkit.js:57:29)
    at internals.handler (/home/yogaap/code/js-project/notes-app/node_modules/@hapi/hapi/lib/handler.js:46:48)
    at exports.execute (/home/yogaap/code/js-project/notes-app/node_modules/@hapi/hapi/lib/handler.js:31:36)
    at Request._lifecycle (/home/yogaap/code/js-project/notes-app/node_modules/@hapi/hapi/lib/request.js:370:68)
    at process.processTicksAndRejections (node:internal/process/task_queues:95:5)
    at async Request._execute (/home/yogaap/code/js-project/notes-app/node_modules/@hapi/hapi/lib/request.js:280:9)
7/27/2024, 12:25:30 AM : InvariantError: Gagal menambahkan user. Username sudah digunakan.
    at UsersService.verifyNewUsername (/home/yogaap/code/js-project/notes-app/src/services/postgres/UsersService.js:57:13)
    at process.processTicksAndRejections (node:internal/process/task_queues:95:5)
    at async UsersService.addUser (/home/yogaap/code/js-project/notes-app/src/services/postgres/UsersService.js:14:5)
    at async UsersHandler.postUserHandler (/home/yogaap/code/js-project/notes-app/src/api/users/handler.js:15:20)
    at async exports.Manager.execute (/home/yogaap/code/js-project/notes-app/node_modules/@hapi/hapi/lib/toolkit.js:60:28)
    at async internals.handler (/home/yogaap/code/js-project/notes-app/node_modules/@hapi/hapi/lib/handler.js:46:20)
    at async exports.execute (/home/yogaap/code/js-project/notes-app/node_modules/@hapi/hapi/lib/handler.js:31:20)
    at async Request._lifecycle (/home/yogaap/code/js-project/notes-app/node_modules/@hapi/hapi/lib/request.js:370:32)
    at async Request._execute (/home/yogaap/code/js-project/notes-app/node_modules/@hapi/hapi/lib/request.js:280:9)
7/27/2024, 12:25:30 AM : InvariantError: "targetEmail" is not allowed to be empty
    at Object.validateExportNotesPayload (/home/yogaap/code/js-project/notes-app/src/validation/exports/index.js:9:13)
    at ExportsHandler.postExportNotesHandler (/home/yogaap/code/js-project/notes-app/src/api/exports/handler.js:12:22)
    at exports.Manager.execute (/home/yogaap/code/js-project/notes-app/node_modules/@hapi/hapi/lib/toolkit.js:57:29)
    at internals.handler (/home/yogaap/code/js-project/notes-app/node_modules/@hapi/hapi/lib/handler.js:46:48)
    at exports.execute (/home/yogaap/code/js-project/notes-app/node_modules/@hapi/hapi/lib/handler.js:31:36)
    at Request._lifecycle (/home/yogaap/code/js-project/notes-app/node_modules/@hapi/hapi/lib/request.js:370:68)
    at process.processTicksAndRejections (node:internal/process/task_queues:95:5)
    at async Request._execute (/home/yogaap/code/js-project/notes-app/node_modules/@hapi/hapi/lib/request.js:280:9)
7/27/2024, 12:25:30 AM : InvariantError: Gagal menambahkan user. Username sudah digunakan.
    at UsersService.verifyNewUsername (/home/yogaap/code/js-project/notes-app/src/services/postgres/UsersService.js:57:13)
    at process.processTicksAndRejections (node:internal/process/task_queues:95:5)
    at async UsersService.addUser (/home/yogaap/code/js-project/notes-app/src/services/postgres/UsersService.js:14:5)
    at async UsersHandler.postUserHandler (/home/yogaap/code/js-project/notes-app/src/api/users/handler.js:15:20)
    at async exports.Manager.execute (/home/yogaap/code/js-project/notes-app/node_modules/@hapi/hapi/lib/toolkit.js:60:28)
    at async internals.handler (/home/yogaap/code/js-project/notes-app/node_modules/@hapi/hapi/lib/handler.js:46:20)
    at async exports.execute (/home/yogaap/code/js-project/notes-app/node_modules/@hapi/hapi/lib/handler.js:31:20)
    at async Request._lifecycle (/home/yogaap/code/js-project/notes-app/node_modules/@hapi/hapi/lib/request.js:370:32)
    at async Request._execute (/home/yogaap/code/js-project/notes-app/node_modules/@hapi/hapi/lib/request.js:280:9)
7/27/2024, 12:25:30 AM : InvariantError: "targetEmail" must be a valid email
    at Object.validateExportNotesPayload (/home/yogaap/code/js-project/notes-app/src/validation/exports/index.js:9:13)
    at ExportsHandler.postExportNotesHandler (/home/yogaap/code/js-project/notes-app/src/api/exports/handler.js:12:22)
    at exports.Manager.execute (/home/yogaap/code/js-project/notes-app/node_modules/@hapi/hapi/lib/toolkit.js:57:29)
    at internals.handler (/home/yogaap/code/js-project/notes-app/node_modules/@hapi/hapi/lib/handler.js:46:48)
    at exports.execute (/home/yogaap/code/js-project/notes-app/node_modules/@hapi/hapi/lib/handler.js:31:36)
    at Request._lifecycle (/home/yogaap/code/js-project/notes-app/node_modules/@hapi/hapi/lib/request.js:370:68)
    at process.processTicksAndRejections (node:internal/process/task_queues:95:5)
    at async Request._execute (/home/yogaap/code/js-project/notes-app/node_modules/@hapi/hapi/lib/request.js:280:9)
7/27/2024, 12:25:31 AM : InvariantError: Gagal menambahkan user. Username sudah digunakan.
    at UsersService.verifyNewUsername (/home/yogaap/code/js-project/notes-app/src/services/postgres/UsersService.js:57:13)
    at process.processTicksAndRejections (node:internal/process/task_queues:95:5)
    at async UsersService.addUser (/home/yogaap/code/js-project/notes-app/src/services/postgres/UsersService.js:14:5)
    at async UsersHandler.postUserHandler (/home/yogaap/code/js-project/notes-app/src/api/users/handler.js:15:20)
    at async exports.Manager.execute (/home/yogaap/code/js-project/notes-app/node_modules/@hapi/hapi/lib/toolkit.js:60:28)
    at async internals.handler (/home/yogaap/code/js-project/notes-app/node_modules/@hapi/hapi/lib/handler.js:46:20)
    at async exports.execute (/home/yogaap/code/js-project/notes-app/node_modules/@hapi/hapi/lib/handler.js:31:20)
    at async Request._lifecycle (/home/yogaap/code/js-project/notes-app/node_modules/@hapi/hapi/lib/request.js:370:32)
    at async Request._execute (/home/yogaap/code/js-project/notes-app/node_modules/@hapi/hapi/lib/request.js:280:9)
7/27/2024, 12:25:31 AM : InvariantError: "targetEmail" must be a valid email
    at Object.validateExportNotesPayload (/home/yogaap/code/js-project/notes-app/src/validation/exports/index.js:9:13)
    at ExportsHandler.postExportNotesHandler (/home/yogaap/code/js-project/notes-app/src/api/exports/handler.js:12:22)
    at exports.Manager.execute (/home/yogaap/code/js-project/notes-app/node_modules/@hapi/hapi/lib/toolkit.js:57:29)
    at internals.handler (/home/yogaap/code/js-project/notes-app/node_modules/@hapi/hapi/lib/handler.js:46:48)
    at exports.execute (/home/yogaap/code/js-project/notes-app/node_modules/@hapi/hapi/lib/handler.js:31:36)
    at Request._lifecycle (/home/yogaap/code/js-project/notes-app/node_modules/@hapi/hapi/lib/request.js:370:68)
    at process.processTicksAndRejections (node:internal/process/task_queues:95:5)
    at async Request._execute (/home/yogaap/code/js-project/notes-app/node_modules/@hapi/hapi/lib/request.js:280:9)
7/27/2024, 1:09:33 AM : InvariantError: Gagal menambahkan user. Username sudah digunakan.
    at UsersService.verifyNewUsername (/home/yogaap/code/js-project/notes-app/src/services/postgres/UsersService.js:57:13)
    at process.processTicksAndRejections (node:internal/process/task_queues:95:5)
    at async UsersService.addUser (/home/yogaap/code/js-project/notes-app/src/services/postgres/UsersService.js:14:5)
    at async UsersHandler.postUserHandler (/home/yogaap/code/js-project/notes-app/src/api/users/handler.js:15:20)
    at async exports.Manager.execute (/home/yogaap/code/js-project/notes-app/node_modules/@hapi/hapi/lib/toolkit.js:60:28)
    at async internals.handler (/home/yogaap/code/js-project/notes-app/node_modules/@hapi/hapi/lib/handler.js:46:20)
    at async exports.execute (/home/yogaap/code/js-project/notes-app/node_modules/@hapi/hapi/lib/handler.js:31:20)
    at async Request._lifecycle (/home/yogaap/code/js-project/notes-app/node_modules/@hapi/hapi/lib/request.js:370:32)
    at async Request._execute (/home/yogaap/code/js-project/notes-app/node_modules/@hapi/hapi/lib/request.js:280:9)
7/27/2024, 1:09:34 AM : InvariantError: Gagal menambahkan user. Username sudah digunakan.
    at UsersService.verifyNewUsername (/home/yogaap/code/js-project/notes-app/src/services/postgres/UsersService.js:57:13)
    at process.processTicksAndRejections (node:internal/process/task_queues:95:5)
    at async UsersService.addUser (/home/yogaap/code/js-project/notes-app/src/services/postgres/UsersService.js:14:5)
    at async UsersHandler.postUserHandler (/home/yogaap/code/js-project/notes-app/src/api/users/handler.js:15:20)
    at async exports.Manager.execute (/home/yogaap/code/js-project/notes-app/node_modules/@hapi/hapi/lib/toolkit.js:60:28)
    at async internals.handler (/home/yogaap/code/js-project/notes-app/node_modules/@hapi/hapi/lib/handler.js:46:20)
    at async exports.execute (/home/yogaap/code/js-project/notes-app/node_modules/@hapi/hapi/lib/handler.js:31:20)
    at async Request._lifecycle (/home/yogaap/code/js-project/notes-app/node_modules/@hapi/hapi/lib/request.js:370:32)
    at async Request._execute (/home/yogaap/code/js-project/notes-app/node_modules/@hapi/hapi/lib/request.js:280:9)
7/27/2024, 1:09:34 AM : InvariantError: "targetEmail" is required
    at Object.validateExportNotesPayload (/home/yogaap/code/js-project/notes-app/src/validation/exports/index.js:9:13)
    at ExportsHandler.postExportNotesHandler (/home/yogaap/code/js-project/notes-app/src/api/exports/handler.js:12:22)
    at exports.Manager.execute (/home/yogaap/code/js-project/notes-app/node_modules/@hapi/hapi/lib/toolkit.js:57:29)
    at internals.handler (/home/yogaap/code/js-project/notes-app/node_modules/@hapi/hapi/lib/handler.js:46:48)
    at exports.execute (/home/yogaap/code/js-project/notes-app/node_modules/@hapi/hapi/lib/handler.js:31:36)
    at Request._lifecycle (/home/yogaap/code/js-project/notes-app/node_modules/@hapi/hapi/lib/request.js:370:68)
    at process.processTicksAndRejections (node:internal/process/task_queues:95:5)
    at async Request._execute (/home/yogaap/code/js-project/notes-app/node_modules/@hapi/hapi/lib/request.js:280:9)
7/27/2024, 1:09:34 AM : InvariantError: Gagal menambahkan user. Username sudah digunakan.
    at UsersService.verifyNewUsername (/home/yogaap/code/js-project/notes-app/src/services/postgres/UsersService.js:57:13)
    at process.processTicksAndRejections (node:internal/process/task_queues:95:5)
    at async UsersService.addUser (/home/yogaap/code/js-project/notes-app/src/services/postgres/UsersService.js:14:5)
    at async UsersHandler.postUserHandler (/home/yogaap/code/js-project/notes-app/src/api/users/handler.js:15:20)
    at async exports.Manager.execute (/home/yogaap/code/js-project/notes-app/node_modules/@hapi/hapi/lib/toolkit.js:60:28)
    at async internals.handler (/home/yogaap/code/js-project/notes-app/node_modules/@hapi/hapi/lib/handler.js:46:20)
    at async exports.execute (/home/yogaap/code/js-project/notes-app/node_modules/@hapi/hapi/lib/handler.js:31:20)
    at async Request._lifecycle (/home/yogaap/code/js-project/notes-app/node_modules/@hapi/hapi/lib/request.js:370:32)
    at async Request._execute (/home/yogaap/code/js-project/notes-app/node_modules/@hapi/hapi/lib/request.js:280:9)
7/27/2024, 1:09:34 AM : InvariantError: "targetEmail" must be a string
    at Object.validateExportNotesPayload (/home/yogaap/code/js-project/notes-app/src/validation/exports/index.js:9:13)
    at ExportsHandler.postExportNotesHandler (/home/yogaap/code/js-project/notes-app/src/api/exports/handler.js:12:22)
    at exports.Manager.execute (/home/yogaap/code/js-project/notes-app/node_modules/@hapi/hapi/lib/toolkit.js:57:29)
    at internals.handler (/home/yogaap/code/js-project/notes-app/node_modules/@hapi/hapi/lib/handler.js:46:48)
    at exports.execute (/home/yogaap/code/js-project/notes-app/node_modules/@hapi/hapi/lib/handler.js:31:36)
    at Request._lifecycle (/home/yogaap/code/js-project/notes-app/node_modules/@hapi/hapi/lib/request.js:370:68)
    at process.processTicksAndRejections (node:internal/process/task_queues:95:5)
    at async Request._execute (/home/yogaap/code/js-project/notes-app/node_modules/@hapi/hapi/lib/request.js:280:9)
7/27/2024, 1:09:34 AM : InvariantError: Gagal menambahkan user. Username sudah digunakan.
    at UsersService.verifyNewUsername (/home/yogaap/code/js-project/notes-app/src/services/postgres/UsersService.js:57:13)
    at process.processTicksAndRejections (node:internal/process/task_queues:95:5)
    at async UsersService.addUser (/home/yogaap/code/js-project/notes-app/src/services/postgres/UsersService.js:14:5)
    at async UsersHandler.postUserHandler (/home/yogaap/code/js-project/notes-app/src/api/users/handler.js:15:20)
    at async exports.Manager.execute (/home/yogaap/code/js-project/notes-app/node_modules/@hapi/hapi/lib/toolkit.js:60:28)
    at async internals.handler (/home/yogaap/code/js-project/notes-app/node_modules/@hapi/hapi/lib/handler.js:46:20)
    at async exports.execute (/home/yogaap/code/js-project/notes-app/node_modules/@hapi/hapi/lib/handler.js:31:20)
    at async Request._lifecycle (/home/yogaap/code/js-project/notes-app/node_modules/@hapi/hapi/lib/request.js:370:32)
    at async Request._execute (/home/yogaap/code/js-project/notes-app/node_modules/@hapi/hapi/lib/request.js:280:9)
7/27/2024, 1:09:34 AM : InvariantError: "targetEmail" must be a string
    at Object.validateExportNotesPayload (/home/yogaap/code/js-project/notes-app/src/validation/exports/index.js:9:13)
    at ExportsHandler.postExportNotesHandler (/home/yogaap/code/js-project/notes-app/src/api/exports/handler.js:12:22)
    at exports.Manager.execute (/home/yogaap/code/js-project/notes-app/node_modules/@hapi/hapi/lib/toolkit.js:57:29)
    at internals.handler (/home/yogaap/code/js-project/notes-app/node_modules/@hapi/hapi/lib/handler.js:46:48)
    at exports.execute (/home/yogaap/code/js-project/notes-app/node_modules/@hapi/hapi/lib/handler.js:31:36)
    at Request._lifecycle (/home/yogaap/code/js-project/notes-app/node_modules/@hapi/hapi/lib/request.js:370:68)
    at process.processTicksAndRejections (node:internal/process/task_queues:95:5)
    at async Request._execute (/home/yogaap/code/js-project/notes-app/node_modules/@hapi/hapi/lib/request.js:280:9)
7/27/2024, 1:09:35 AM : InvariantError: Gagal menambahkan user. Username sudah digunakan.
    at UsersService.verifyNewUsername (/home/yogaap/code/js-project/notes-app/src/services/postgres/UsersService.js:57:13)
    at process.processTicksAndRejections (node:internal/process/task_queues:95:5)
    at async UsersService.addUser (/home/yogaap/code/js-project/notes-app/src/services/postgres/UsersService.js:14:5)
    at async UsersHandler.postUserHandler (/home/yogaap/code/js-project/notes-app/src/api/users/handler.js:15:20)
    at async exports.Manager.execute (/home/yogaap/code/js-project/notes-app/node_modules/@hapi/hapi/lib/toolkit.js:60:28)
    at async internals.handler (/home/yogaap/code/js-project/notes-app/node_modules/@hapi/hapi/lib/handler.js:46:20)
    at async exports.execute (/home/yogaap/code/js-project/notes-app/node_modules/@hapi/hapi/lib/handler.js:31:20)
    at async Request._lifecycle (/home/yogaap/code/js-project/notes-app/node_modules/@hapi/hapi/lib/request.js:370:32)
    at async Request._execute (/home/yogaap/code/js-project/notes-app/node_modules/@hapi/hapi/lib/request.js:280:9)
7/27/2024, 1:09:35 AM : InvariantError: "targetEmail" is not allowed to be empty
    at Object.validateExportNotesPayload (/home/yogaap/code/js-project/notes-app/src/validation/exports/index.js:9:13)
    at ExportsHandler.postExportNotesHandler (/home/yogaap/code/js-project/notes-app/src/api/exports/handler.js:12:22)
    at exports.Manager.execute (/home/yogaap/code/js-project/notes-app/node_modules/@hapi/hapi/lib/toolkit.js:57:29)
    at internals.handler (/home/yogaap/code/js-project/notes-app/node_modules/@hapi/hapi/lib/handler.js:46:48)
    at exports.execute (/home/yogaap/code/js-project/notes-app/node_modules/@hapi/hapi/lib/handler.js:31:36)
    at Request._lifecycle (/home/yogaap/code/js-project/notes-app/node_modules/@hapi/hapi/lib/request.js:370:68)
    at process.processTicksAndRejections (node:internal/process/task_queues:95:5)
    at async Request._execute (/home/yogaap/code/js-project/notes-app/node_modules/@hapi/hapi/lib/request.js:280:9)
7/27/2024, 1:09:35 AM : InvariantError: Gagal menambahkan user. Username sudah digunakan.
    at UsersService.verifyNewUsername (/home/yogaap/code/js-project/notes-app/src/services/postgres/UsersService.js:57:13)
    at process.processTicksAndRejections (node:internal/process/task_queues:95:5)
    at async UsersService.addUser (/home/yogaap/code/js-project/notes-app/src/services/postgres/UsersService.js:14:5)
    at async UsersHandler.postUserHandler (/home/yogaap/code/js-project/notes-app/src/api/users/handler.js:15:20)
    at async exports.Manager.execute (/home/yogaap/code/js-project/notes-app/node_modules/@hapi/hapi/lib/toolkit.js:60:28)
    at async internals.handler (/home/yogaap/code/js-project/notes-app/node_modules/@hapi/hapi/lib/handler.js:46:20)
    at async exports.execute (/home/yogaap/code/js-project/notes-app/node_modules/@hapi/hapi/lib/handler.js:31:20)
    at async Request._lifecycle (/home/yogaap/code/js-project/notes-app/node_modules/@hapi/hapi/lib/request.js:370:32)
    at async Request._execute (/home/yogaap/code/js-project/notes-app/node_modules/@hapi/hapi/lib/request.js:280:9)
7/27/2024, 1:09:35 AM : InvariantError: "targetEmail" must be a valid email
    at Object.validateExportNotesPayload (/home/yogaap/code/js-project/notes-app/src/validation/exports/index.js:9:13)
    at ExportsHandler.postExportNotesHandler (/home/yogaap/code/js-project/notes-app/src/api/exports/handler.js:12:22)
    at exports.Manager.execute (/home/yogaap/code/js-project/notes-app/node_modules/@hapi/hapi/lib/toolkit.js:57:29)
    at internals.handler (/home/yogaap/code/js-project/notes-app/node_modules/@hapi/hapi/lib/handler.js:46:48)
    at exports.execute (/home/yogaap/code/js-project/notes-app/node_modules/@hapi/hapi/lib/handler.js:31:36)
    at Request._lifecycle (/home/yogaap/code/js-project/notes-app/node_modules/@hapi/hapi/lib/request.js:370:68)
    at process.processTicksAndRejections (node:internal/process/task_queues:95:5)
    at async Request._execute (/home/yogaap/code/js-project/notes-app/node_modules/@hapi/hapi/lib/request.js:280:9)
7/27/2024, 1:09:35 AM : InvariantError: Gagal menambahkan user. Username sudah digunakan.
    at UsersService.verifyNewUsername (/home/yogaap/code/js-project/notes-app/src/services/postgres/UsersService.js:57:13)
    at process.processTicksAndRejections (node:internal/process/task_queues:95:5)
    at async UsersService.addUser (/home/yogaap/code/js-project/notes-app/src/services/postgres/UsersService.js:14:5)
    at async UsersHandler.postUserHandler (/home/yogaap/code/js-project/notes-app/src/api/users/handler.js:15:20)
    at async exports.Manager.execute (/home/yogaap/code/js-project/notes-app/node_modules/@hapi/hapi/lib/toolkit.js:60:28)
    at async internals.handler (/home/yogaap/code/js-project/notes-app/node_modules/@hapi/hapi/lib/handler.js:46:20)
    at async exports.execute (/home/yogaap/code/js-project/notes-app/node_modules/@hapi/hapi/lib/handler.js:31:20)
    at async Request._lifecycle (/home/yogaap/code/js-project/notes-app/node_modules/@hapi/hapi/lib/request.js:370:32)
    at async Request._execute (/home/yogaap/code/js-project/notes-app/node_modules/@hapi/hapi/lib/request.js:280:9)
7/27/2024, 1:09:35 AM : InvariantError: "targetEmail" must be a valid email
    at Object.validateExportNotesPayload (/home/yogaap/code/js-project/notes-app/src/validation/exports/index.js:9:13)
    at ExportsHandler.postExportNotesHandler (/home/yogaap/code/js-project/notes-app/src/api/exports/handler.js:12:22)
    at exports.Manager.execute (/home/yogaap/code/js-project/notes-app/node_modules/@hapi/hapi/lib/toolkit.js:57:29)
    at internals.handler (/home/yogaap/code/js-project/notes-app/node_modules/@hapi/hapi/lib/handler.js:46:48)
    at exports.execute (/home/yogaap/code/js-project/notes-app/node_modules/@hapi/hapi/lib/handler.js:31:36)
    at Request._lifecycle (/home/yogaap/code/js-project/notes-app/node_modules/@hapi/hapi/lib/request.js:370:68)
    at process.processTicksAndRejections (node:internal/process/task_queues:95:5)
    at async Request._execute (/home/yogaap/code/js-project/notes-app/node_modules/@hapi/hapi/lib/request.js:280:9)
7/27/2024, 11:33:24 AM : Error: Error deleting file: Invalid object name: undefined
    at StorageService.deleteFile (/home/yogaap/code/js-project/notes-app/src/services/s3/StorageService.js:36:13)
    at process.processTicksAndRejections (node:internal/process/task_queues:95:5)
    at async UploadsHandler.deleteImageHandler (/home/yogaap/code/js-project/notes-app/src/api/uploads/handler.js:29:5)
    at async exports.Manager.execute (/home/yogaap/code/js-project/notes-app/node_modules/@hapi/hapi/lib/toolkit.js:60:28)
    at async internals.handler (/home/yogaap/code/js-project/notes-app/node_modules/@hapi/hapi/lib/handler.js:46:20)
    at async exports.execute (/home/yogaap/code/js-project/notes-app/node_modules/@hapi/hapi/lib/handler.js:31:20)
    at async Request._lifecycle (/home/yogaap/code/js-project/notes-app/node_modules/@hapi/hapi/lib/request.js:370:32)
    at async Request._execute (/home/yogaap/code/js-project/notes-app/node_modules/@hapi/hapi/lib/request.js:280:9)
